<?xml version="1.0" encoding="UTF-8"?>
<!-- Generated by org.testng.reporters.JUnitXMLReporter -->
<testsuite hostname="DESKTOP-8B6SBOE" ignored="0" name="Default test" tests="3" failures="0" timestamp="2020-06-21T18:38:42 WAT" time="59.25" errors="0">
  <testcase name="Verify_Page_Title" time="0.435" classname="com.org.KONGA.Add_To_Cart_Positive"/>
  <testcase name="Search_Product" time="16.135" classname="com.org.KONGA.Add_To_Cart_Positive"/>
  <testcase name="Add" time="10.736" classname="com.org.KONGA.Add_To_Cart_Positive"/>
</testsuite> <!-- Default test -->
